Determining if the pthread_create exist failed with the following output:
Change Dir: /home/marina/Escritorio/tfm_curvature/CMakeFiles/CMakeTmp

Run Build Command:"/usr/bin/make" "cmTC_3fc5e/fast"
/usr/bin/make -f CMakeFiles/cmTC_3fc5e.dir/build.make CMakeFiles/cmTC_3fc5e.dir/build
make[1]: se entra en el directorio '/home/marina/Escritorio/tfm_curvature/CMakeFiles/CMakeTmp'
Building C object CMakeFiles/cmTC_3fc5e.dir/CheckSymbolExists.c.o
/usr/bin/cc    -o CMakeFiles/cmTC_3fc5e.dir/CheckSymbolExists.c.o   -c /home/marina/Escritorio/tfm_curvature/CMakeFiles/CMakeTmp/CheckSymbolExists.c
Linking C executable cmTC_3fc5e
/usr/bin/cmake -E cmake_link_script CMakeFiles/cmTC_3fc5e.dir/link.txt --verbose=1
/usr/bin/cc      -rdynamic CMakeFiles/cmTC_3fc5e.dir/CheckSymbolExists.c.o  -o cmTC_3fc5e 
CMakeFiles/cmTC_3fc5e.dir/CheckSymbolExists.c.o: En la función `main':
CheckSymbolExists.c:(.text+0x1b): referencia a `pthread_create' sin definir
collect2: error: ld returned 1 exit status
CMakeFiles/cmTC_3fc5e.dir/build.make:97: fallo en las instrucciones para el objetivo 'cmTC_3fc5e'
make[1]: *** [cmTC_3fc5e] Error 1
make[1]: se sale del directorio '/home/marina/Escritorio/tfm_curvature/CMakeFiles/CMakeTmp'
Makefile:126: fallo en las instrucciones para el objetivo 'cmTC_3fc5e/fast'
make: *** [cmTC_3fc5e/fast] Error 2

File /home/marina/Escritorio/tfm_curvature/CMakeFiles/CMakeTmp/CheckSymbolExists.c:
/* */
#include <pthread.h>

int main(int argc, char** argv)
{
  (void)argv;
#ifndef pthread_create
  return ((int*)(&pthread_create))[argc];
#else
  (void)argc;
  return 0;
#endif
}

Determining if the function pthread_create exists in the pthreads failed with the following output:
Change Dir: /home/marina/Escritorio/tfm_curvature/CMakeFiles/CMakeTmp

Run Build Command:"/usr/bin/make" "cmTC_4982d/fast"
/usr/bin/make -f CMakeFiles/cmTC_4982d.dir/build.make CMakeFiles/cmTC_4982d.dir/build
make[1]: se entra en el directorio '/home/marina/Escritorio/tfm_curvature/CMakeFiles/CMakeTmp'
Building C object CMakeFiles/cmTC_4982d.dir/CheckFunctionExists.c.o
/usr/bin/cc   -DCHECK_FUNCTION_EXISTS=pthread_create   -o CMakeFiles/cmTC_4982d.dir/CheckFunctionExists.c.o   -c /usr/share/cmake-3.10/Modules/CheckFunctionExists.c
Linking C executable cmTC_4982d
/usr/bin/cmake -E cmake_link_script CMakeFiles/cmTC_4982d.dir/link.txt --verbose=1
/usr/bin/cc  -DCHECK_FUNCTION_EXISTS=pthread_create    -rdynamic CMakeFiles/cmTC_4982d.dir/CheckFunctionExists.c.o  -o cmTC_4982d -lpthreads 
/usr/bin/ld: no se puede encontrar -lpthreads
collect2: error: ld returned 1 exit status
CMakeFiles/cmTC_4982d.dir/build.make:97: fallo en las instrucciones para el objetivo 'cmTC_4982d'
make[1]: *** [cmTC_4982d] Error 1
make[1]: se sale del directorio '/home/marina/Escritorio/tfm_curvature/CMakeFiles/CMakeTmp'
Makefile:126: fallo en las instrucciones para el objetivo 'cmTC_4982d/fast'
make: *** [cmTC_4982d/fast] Error 2


Performing C SOURCE FILE Test CMAKE_HAVE_LIBC_PTHREAD failed with the following output:
Change Dir: /home/marina/Escritorio/tfm_curvature/CMakeFiles/CMakeTmp

Run Build Command(s):/usr/bin/make -f Makefile cmTC_eea9b/fast && /usr/bin/make  -f CMakeFiles/cmTC_eea9b.dir/build.make CMakeFiles/cmTC_eea9b.dir/build
make[1]: se entra en el directorio '/home/marina/Escritorio/tfm_curvature/CMakeFiles/CMakeTmp'
Building C object CMakeFiles/cmTC_eea9b.dir/src.c.o
/usr/bin/cc -DCMAKE_HAVE_LIBC_PTHREAD   -o CMakeFiles/cmTC_eea9b.dir/src.c.o -c /home/marina/Escritorio/tfm_curvature/CMakeFiles/CMakeTmp/src.c
Linking C executable cmTC_eea9b
/snap/cmake/955/bin/cmake -E cmake_link_script CMakeFiles/cmTC_eea9b.dir/link.txt --verbose=1
/usr/bin/cc CMakeFiles/cmTC_eea9b.dir/src.c.o -o cmTC_eea9b 
CMakeFiles/cmTC_eea9b.dir/src.c.o: En la función `main':
src.c:(.text+0x3e): referencia a `pthread_create' sin definir
src.c:(.text+0x4a): referencia a `pthread_detach' sin definir
src.c:(.text+0x56): referencia a `pthread_cancel' sin definir
src.c:(.text+0x67): referencia a `pthread_join' sin definir
src.c:(.text+0x7b): referencia a `pthread_atfork' sin definir
collect2: error: ld returned 1 exit status
CMakeFiles/cmTC_eea9b.dir/build.make:98: fallo en las instrucciones para el objetivo 'cmTC_eea9b'
make[1]: *** [cmTC_eea9b] Error 1
make[1]: se sale del directorio '/home/marina/Escritorio/tfm_curvature/CMakeFiles/CMakeTmp'
Makefile:127: fallo en las instrucciones para el objetivo 'cmTC_eea9b/fast'
make: *** [cmTC_eea9b/fast] Error 2


Source file was:
#include <pthread.h>

static void* test_func(void* data)
{
  return data;
}

int main(void)
{
  pthread_t thread;
  pthread_create(&thread, NULL, test_func, NULL);
  pthread_detach(thread);
  pthread_cancel(thread);
  pthread_join(thread, NULL);
  pthread_atfork(NULL, NULL, NULL);
  pthread_exit(NULL);

  return 0;
}

Performing C SOURCE FILE Test CMAKE_HAVE_LIBC_PTHREAD failed with the following output:
Change Dir: /mnt/c/Users/marina/Documents/TFM_desarrollo/tfm_curvature/CMakeFiles/CMakeTmp

Run Build Command(s):/usr/bin/make cmTC_2572c/fast && /usr/bin/make -f CMakeFiles/cmTC_2572c.dir/build.make CMakeFiles/cmTC_2572c.dir/build
make[1]: Entering directory '/mnt/c/Users/marina/Documents/TFM_desarrollo/tfm_curvature/CMakeFiles/CMakeTmp'
Building C object CMakeFiles/cmTC_2572c.dir/src.c.o
/usr/bin/cc   -fPIC -DCMAKE_HAVE_LIBC_PTHREAD   -o CMakeFiles/cmTC_2572c.dir/src.c.o   -c /mnt/c/Users/marina/Documents/TFM_desarrollo/tfm_curvature/CMakeFiles/CMakeTmp/src.c
Linking C executable cmTC_2572c
/usr/bin/cmake -E cmake_link_script CMakeFiles/cmTC_2572c.dir/link.txt --verbose=1
/usr/bin/cc  -fPIC -DCMAKE_HAVE_LIBC_PTHREAD    CMakeFiles/cmTC_2572c.dir/src.c.o  -o cmTC_2572c 
/usr/bin/ld: CMakeFiles/cmTC_2572c.dir/src.c.o: in function `main':
src.c:(.text+0x46): undefined reference to `pthread_create'
/usr/bin/ld: src.c:(.text+0x52): undefined reference to `pthread_detach'
/usr/bin/ld: src.c:(.text+0x63): undefined reference to `pthread_join'
collect2: error: ld returned 1 exit status
make[1]: *** [CMakeFiles/cmTC_2572c.dir/build.make:87: cmTC_2572c] Error 1
make[1]: Leaving directory '/mnt/c/Users/marina/Documents/TFM_desarrollo/tfm_curvature/CMakeFiles/CMakeTmp'
make: *** [Makefile:121: cmTC_2572c/fast] Error 2


Source file was:
#include <pthread.h>

void* test_func(void* data)
{
  return data;
}

int main(void)
{
  pthread_t thread;
  pthread_create(&thread, NULL, test_func, NULL);
  pthread_detach(thread);
  pthread_join(thread, NULL);
  pthread_atfork(NULL, NULL, NULL);
  pthread_exit(NULL);

  return 0;
}

Determining if the function pthread_create exists in the pthreads failed with the following output:
Change Dir: /mnt/c/Users/marina/Documents/TFM_desarrollo/tfm_curvature/CMakeFiles/CMakeTmp

Run Build Command(s):/usr/bin/make cmTC_46bbb/fast && /usr/bin/make -f CMakeFiles/cmTC_46bbb.dir/build.make CMakeFiles/cmTC_46bbb.dir/build
make[1]: Entering directory '/mnt/c/Users/marina/Documents/TFM_desarrollo/tfm_curvature/CMakeFiles/CMakeTmp'
Building C object CMakeFiles/cmTC_46bbb.dir/CheckFunctionExists.c.o
/usr/bin/cc   -fPIC -DCHECK_FUNCTION_EXISTS=pthread_create   -o CMakeFiles/cmTC_46bbb.dir/CheckFunctionExists.c.o   -c /usr/share/cmake-3.16/Modules/CheckFunctionExists.c
Linking C executable cmTC_46bbb
/usr/bin/cmake -E cmake_link_script CMakeFiles/cmTC_46bbb.dir/link.txt --verbose=1
/usr/bin/cc  -fPIC -DCHECK_FUNCTION_EXISTS=pthread_create    CMakeFiles/cmTC_46bbb.dir/CheckFunctionExists.c.o  -o cmTC_46bbb  -lpthreads 
/usr/bin/ld: cannot find -lpthreads
collect2: error: ld returned 1 exit status
make[1]: *** [CMakeFiles/cmTC_46bbb.dir/build.make:87: cmTC_46bbb] Error 1
make[1]: Leaving directory '/mnt/c/Users/marina/Documents/TFM_desarrollo/tfm_curvature/CMakeFiles/CMakeTmp'
make: *** [Makefile:121: cmTC_46bbb/fast] Error 2



